<?xml version="1.0" encoding="UTF-8"?>
<Site BuildName="Linux-c++"
	BuildStamp="20231221-1512-Experimental"
	Name="alex-N9x0TD-TF"
	Generator="ctest-3.22.1"
	CompilerName="/usr/bin/c++"
	CompilerVersion="11.4.0"
	OSName="Linux"
	Hostname="alex-N9x0TD-TF"
	OSRelease="6.2.0-37-generic"
	OSVersion="#38~22.04.1-Ubuntu SMP PREEMPT_DYNAMIC Thu Nov  2 18:01:13 UTC 2"
	OSPlatform="x86_64"
	Is64Bits="1"
	VendorString="GenuineIntel"
	VendorID="Intel Corporation"
	FamilyID="6"
	ModelID="158"
	ProcessorCacheSize="9216"
	NumberOfLogicalCPU="6"
	NumberOfPhysicalCPU="6"
	TotalVirtualMemory="15624"
	TotalPhysicalMemory="15821"
	LogicalProcessorsPerPhysical="1"
	ProcessorClockFrequency="3798.13"
	>
	<Testing>
		<StartDateTime>Dec 21 23:12 CST</StartDateTime>
		<StartTestTime>1703171571</StartTestTime>
		<TestList/>
		<EndDateTime>Dec 21 23:12 CST</EndDateTime>
		<EndTestTime>1703171571</EndTestTime>
		<ElapsedMinutes>0</ElapsedMinutes>
	</Testing>
</Site>
